<?xml version="1.0" encoding="UTF-8"?>
<robot generator="Robot 7.0.1 (Python 3.11.9 on win32)" generated="2024-08-19T15:57:03.540135" rpa="false" schemaversion="5">
<suite id="s1" name="Login Test" source="D:\University Work\Year 4, Term 1\Advanced Software Testing (Naruephon)\Task\Task 5 link GitHub (Release for Test (All))\login_test.robot">
<test id="s1-t1" name="TC 10001 ทดสอบการเข้าสู่ระบบและตรวจสอบสิทธิ" line="10">
<kw name="Open Browser" owner="SeleniumLibrary">
<msg time="2024-08-19T15:57:04.407040" level="INFO">Opening browser 'chrome' to base url 'http://localhost:3000/sign-in'.</msg>
<arg>${URL}</arg>
<arg>chrome</arg>
<doc>Opens a new browser instance to the optional ``url``.</doc>
<status status="PASS" start="2024-08-19T15:57:04.405796" elapsed="5.966887"/>
</kw>
<kw name="Maximize Browser Window" owner="SeleniumLibrary">
<doc>Maximizes current browser window.</doc>
<status status="PASS" start="2024-08-19T15:57:10.374198" elapsed="0.081084"/>
</kw>
<kw name="Input Text" owner="SeleniumLibrary">
<msg time="2024-08-19T15:57:10.467850" level="INFO">Typing text 'Worapakorn2@gmail.com' into text field 'id=identifier'.</msg>
<arg>id=identifier</arg>
<arg>Worapakorn2@gmail.com</arg>
<doc>Types the given ``text`` into the text field identified by ``locator``.</doc>
<status status="PASS" start="2024-08-19T15:57:10.466845" elapsed="1.320888"/>
</kw>
<kw name="Input Text" owner="SeleniumLibrary">
<msg time="2024-08-19T15:57:11.788759" level="INFO">Typing text '111111' into text field 'id=password'.</msg>
<arg>id=password</arg>
<arg>111111</arg>
<doc>Types the given ``text`` into the text field identified by ``locator``.</doc>
<status status="PASS" start="2024-08-19T15:57:11.788759" elapsed="0.705192"/>
</kw>
<kw name="Wait Until Element Is Visible" owner="SeleniumLibrary">
<arg>xpath=//button[@type="submit"]</arg>
<arg>1s</arg>
<doc>Waits until the element ``locator`` is visible.</doc>
<status status="PASS" start="2024-08-19T15:57:12.498117" elapsed="0.138533"/>
</kw>
<kw name="Click Button" owner="SeleniumLibrary">
<msg time="2024-08-19T15:57:12.646752" level="INFO">Clicking button 'xpath=//button[@type="submit"]'.</msg>
<arg>xpath=//button[@type="submit"]</arg>
<doc>Clicks the button identified by ``locator``.</doc>
<status status="PASS" start="2024-08-19T15:57:12.646752" elapsed="0.367245"/>
</kw>
<kw name="Wait Until Element Is Visible" owner="SeleniumLibrary">
<arg>xpath=//button[text()="ออกจากระบบ"]</arg>
<arg>3s</arg>
<doc>Waits until the element ``locator`` is visible.</doc>
<status status="PASS" start="2024-08-19T15:57:13.015244" elapsed="2.700789"/>
</kw>
<kw name="Location Should Be" owner="SeleniumLibrary">
<msg time="2024-08-19T15:57:15.729600" level="INFO">Current location is 'http://localhost:3000/'.</msg>
<arg>http://localhost:3000/</arg>
<doc>Verifies that the current URL is exactly ``url``.</doc>
<status status="PASS" start="2024-08-19T15:57:15.717029" elapsed="0.012571"/>
</kw>
<kw name="Page Should Contain" owner="SeleniumLibrary">
<msg time="2024-08-19T15:57:15.766856" level="INFO">Current page contains text 'ออกจากระบบ'.</msg>
<arg>ออกจากระบบ</arg>
<doc>Verifies that current page contains ``text``.</doc>
<status status="PASS" start="2024-08-19T15:57:15.730609" elapsed="0.036247"/>
</kw>
<kw name="Run Keyword And Continue On Failure" owner="BuiltIn">
<kw name="Execute Javascript" owner="SeleniumLibrary">
<msg time="2024-08-19T15:57:15.770857" level="INFO">Executing JavaScript:
return localStorage.getItem('access_token');
Without any arguments.</msg>
<arg>return localStorage.getItem('access_token');</arg>
<doc>Executes the given JavaScript code with possible arguments.</doc>
<status status="PASS" start="2024-08-19T15:57:15.768852" elapsed="0.014089"/>
</kw>
<arg>Execute JavaScript</arg>
<arg>return localStorage.getItem('access_token');</arg>
<doc>Runs the keyword and continues execution even if a failure occurs.</doc>
<status status="PASS" start="2024-08-19T15:57:15.767849" elapsed="0.015092"/>
</kw>
<kw name="Sleep" owner="BuiltIn">
<msg time="2024-08-19T15:57:20.784363" level="INFO">Slept 5 seconds.</msg>
<arg>5s</arg>
<doc>Pauses the test executed for the given time.</doc>
<status status="PASS" start="2024-08-19T15:57:15.782941" elapsed="5.001422"/>
</kw>
<kw name="Capture Page Screenshot" owner="SeleniumLibrary">
<msg time="2024-08-19T15:57:21.065447" level="INFO" html="true">&lt;/td&gt;&lt;/tr&gt;&lt;tr&gt;&lt;td colspan="3"&gt;&lt;a href="login_successful.png"&gt;&lt;img src="login_successful.png" width="800px"&gt;&lt;/a&gt;</msg>
<arg>login_successful.png</arg>
<doc>Takes a screenshot of the current page and embeds it into a log file.</doc>
<status status="PASS" start="2024-08-19T15:57:20.784877" elapsed="0.281589"/>
</kw>
<kw name="Close Browser" owner="SeleniumLibrary">
<doc>Closes the current browser.</doc>
<status status="PASS" start="2024-08-19T15:57:21.066466" elapsed="2.432442"/>
</kw>
<doc>ทดสอบการเข้าสู่ระบบด้วยข้อมูลที่ถูกต้องและตรวจสอบสิทธิ</doc>
<tag>login</tag>
<tag>positive</tag>
<status status="PASS" start="2024-08-19T15:57:04.396668" elapsed="19.103242"/>
</test>
<doc>Test cases for user login functionality.</doc>
<status status="PASS" start="2024-08-19T15:57:03.542136" elapsed="19.960765"/>
</suite>
<statistics>
<total>
<stat pass="1" fail="0" skip="0">All Tests</stat>
</total>
<tag>
<stat pass="1" fail="0" skip="0">login</stat>
<stat pass="1" fail="0" skip="0">positive</stat>
</tag>
<suite>
<stat pass="1" fail="0" skip="0" id="s1" name="Login Test">Login Test</stat>
</suite>
</statistics>
<errors>
</errors>
</robot>
