<?xml version="1.0" encoding="UTF-8"?>
<robot generator="Robot 7.0.1 (Python 3.11.9 on win32)" generated="2024-08-19T13:34:13.633981" rpa="false" schemaversion="5">
<suite id="s1" name="Login Test &amp; Registration Test Time">
<suite id="s1-s1" name="Login Test" source="D:\University Work\Year 4, Term 1\Advanced Software Testing (Naruephon)\RobotFramework_MidtermExam\login_test.robot">
<test id="s1-s1-t1" name="TC 10001 ทดสอบการเข้าสู่ระบบและตรวจสอบสิทธิ" line="10">
<kw name="Open Browser" owner="SeleniumLibrary">
<msg time="2024-08-19T13:34:14.620934" level="INFO">Opening browser 'chrome' to base url 'https://dicedreams-eta.vercel.app/sign-in#loaded'.</msg>
<arg>${URL}</arg>
<arg>chrome</arg>
<doc>Opens a new browser instance to the optional ``url``.</doc>
<status status="PASS" start="2024-08-19T13:34:14.620934" elapsed="3.876371"/>
</kw>
<kw name="Maximize Browser Window" owner="SeleniumLibrary">
<doc>Maximizes current browser window.</doc>
<status status="PASS" start="2024-08-19T13:34:18.499308" elapsed="0.147394"/>
</kw>
<kw name="Input Text" owner="SeleniumLibrary">
<msg time="2024-08-19T13:34:18.660282" level="INFO">Typing text 'Worapakorn2@gmail.com' into text field 'id=identifier'.</msg>
<arg>id=identifier</arg>
<arg>Worapakorn2@gmail.com</arg>
<doc>Types the given ``text`` into the text field identified by ``locator``.</doc>
<status status="PASS" start="2024-08-19T13:34:18.659270" elapsed="0.755143"/>
</kw>
<kw name="Input Text" owner="SeleniumLibrary">
<msg time="2024-08-19T13:34:19.415409" level="INFO">Typing text '111111' into text field 'id=password'.</msg>
<arg>id=password</arg>
<arg>111111</arg>
<doc>Types the given ``text`` into the text field identified by ``locator``.</doc>
<status status="PASS" start="2024-08-19T13:34:19.415409" elapsed="0.211602"/>
</kw>
<kw name="Wait Until Element Is Visible" owner="SeleniumLibrary">
<arg>xpath=//button[@type="submit"]</arg>
<arg>1s</arg>
<doc>Waits until the element ``locator`` is visible.</doc>
<status status="PASS" start="2024-08-19T13:34:19.628012" elapsed="0.635164"/>
</kw>
<kw name="Click Button" owner="SeleniumLibrary">
<msg time="2024-08-19T13:34:20.265176" level="INFO">Clicking button 'xpath=//button[@type="submit"]'.</msg>
<arg>xpath=//button[@type="submit"]</arg>
<doc>Clicks the button identified by ``locator``.</doc>
<status status="PASS" start="2024-08-19T13:34:20.264176" elapsed="0.157912"/>
</kw>
<kw name="Wait Until Element Is Visible" owner="SeleniumLibrary">
<arg>xpath=//button[text()="ออกจากระบบ"]</arg>
<arg>3s</arg>
<doc>Waits until the element ``locator`` is visible.</doc>
<status status="PASS" start="2024-08-19T13:34:20.422088" elapsed="1.687045"/>
</kw>
<kw name="Location Should Be" owner="SeleniumLibrary">
<msg time="2024-08-19T13:34:22.119302" level="INFO">Current location is 'https://dicedreams-eta.vercel.app/'.</msg>
<arg>https://dicedreams-eta.vercel.app/</arg>
<doc>Verifies that the current URL is exactly ``url``.</doc>
<status status="PASS" start="2024-08-19T13:34:22.110129" elapsed="0.009173"/>
</kw>
<kw name="Page Should Contain" owner="SeleniumLibrary">
<msg time="2024-08-19T13:34:22.142125" level="INFO">Current page contains text 'ออกจากระบบ'.</msg>
<arg>ออกจากระบบ</arg>
<doc>Verifies that current page contains ``text``.</doc>
<status status="PASS" start="2024-08-19T13:34:22.120310" elapsed="0.021815"/>
</kw>
<kw name="Run Keyword And Continue On Failure" owner="BuiltIn">
<kw name="Execute Javascript" owner="SeleniumLibrary">
<msg time="2024-08-19T13:34:22.145423" level="INFO">Executing JavaScript:
return localStorage.getItem('access_token');
Without any arguments.</msg>
<arg>return localStorage.getItem('access_token');</arg>
<doc>Executes the given JavaScript code with possible arguments.</doc>
<status status="PASS" start="2024-08-19T13:34:22.144416" elapsed="0.008509"/>
</kw>
<arg>Execute JavaScript</arg>
<arg>return localStorage.getItem('access_token');</arg>
<doc>Runs the keyword and continues execution even if a failure occurs.</doc>
<status status="PASS" start="2024-08-19T13:34:22.144416" elapsed="0.009527"/>
</kw>
<kw name="Capture Page Screenshot" owner="SeleniumLibrary">
<msg time="2024-08-19T13:34:22.514902" level="INFO" html="true">&lt;/td&gt;&lt;/tr&gt;&lt;tr&gt;&lt;td colspan="3"&gt;&lt;a href="login_successful.png"&gt;&lt;img src="login_successful.png" width="800px"&gt;&lt;/a&gt;</msg>
<arg>login_successful.png</arg>
<doc>Takes a screenshot of the current page and embeds it into a log file.</doc>
<status status="PASS" start="2024-08-19T13:34:22.153943" elapsed="0.360959"/>
</kw>
<kw name="Close Browser" owner="SeleniumLibrary">
<doc>Closes the current browser.</doc>
<status status="PASS" start="2024-08-19T13:34:22.515906" elapsed="2.282306"/>
</kw>
<doc>ทดสอบการเข้าสู่ระบบด้วยข้อมูลที่ถูกต้องและตรวจสอบสิทธิ</doc>
<tag>login</tag>
<tag>positive</tag>
<status status="PASS" start="2024-08-19T13:34:14.612322" elapsed="10.186923"/>
</test>
<test id="s1-s1-t2" name="TC 10002 ทดสอบการเข้าสู่ระบบเมื่อกรอก E-mail หรือ Username ผิด" line="26">
<kw name="Open Browser" owner="SeleniumLibrary">
<msg time="2024-08-19T13:34:24.807902" level="INFO">Opening browser 'chrome' to base url 'https://dicedreams-eta.vercel.app/sign-in#loaded'.</msg>
<arg>${URL}</arg>
<arg>chrome</arg>
<doc>Opens a new browser instance to the optional ``url``.</doc>
<status status="PASS" start="2024-08-19T13:34:24.806874" elapsed="7.962303"/>
</kw>
<kw name="Maximize Browser Window" owner="SeleniumLibrary">
<doc>Maximizes current browser window.</doc>
<status status="PASS" start="2024-08-19T13:34:32.770148" elapsed="0.078856"/>
</kw>
<kw name="Input Text" owner="SeleniumLibrary">
<msg time="2024-08-19T13:34:32.851004" level="INFO">Typing text 'wrongemail@gmail.com' into text field 'id=identifier'.</msg>
<arg>id=identifier</arg>
<arg>wrongemail@gmail.com</arg>
<doc>Types the given ``text`` into the text field identified by ``locator``.</doc>
<status status="PASS" start="2024-08-19T13:34:32.851004" elapsed="0.605286"/>
</kw>
<kw name="Input Text" owner="SeleniumLibrary">
<msg time="2024-08-19T13:34:33.474998" level="INFO">Typing text 'wrongpassword' into text field 'id=password'.</msg>
<arg>id=password</arg>
<arg>wrongpassword</arg>
<doc>Types the given ``text`` into the text field identified by ``locator``.</doc>
<status status="PASS" start="2024-08-19T13:34:33.473955" elapsed="0.429844"/>
</kw>
<kw name="Wait Until Element Is Visible" owner="SeleniumLibrary">
<arg>xpath=//button[@type="submit"]</arg>
<arg>1s</arg>
<doc>Waits until the element ``locator`` is visible.</doc>
<status status="PASS" start="2024-08-19T13:34:33.904816" elapsed="0.032529"/>
</kw>
<kw name="Click Button" owner="SeleniumLibrary">
<msg time="2024-08-19T13:34:33.938339" level="INFO">Clicking button 'xpath=//button[@type="submit"]'.</msg>
<arg>xpath=//button[@type="submit"]</arg>
<doc>Clicks the button identified by ``locator``.</doc>
<status status="PASS" start="2024-08-19T13:34:33.938339" elapsed="0.127523"/>
</kw>
<kw name="Page Should Contain" owner="SeleniumLibrary">
<msg time="2024-08-19T13:34:34.444991" level="INFO" html="true">&lt;/td&gt;&lt;/tr&gt;&lt;tr&gt;&lt;td colspan="3"&gt;&lt;a href="selenium-screenshot-1.png"&gt;&lt;img src="selenium-screenshot-1.png" width="800px"&gt;&lt;/a&gt;</msg>
<msg time="2024-08-19T13:34:34.444991" level="FAIL">Page should have contained text 'คุณกรอก E-mail ไม่ถูกต้อง' but did not.</msg>
<arg>คุณกรอก E-mail ไม่ถูกต้อง</arg>
<doc>Verifies that current page contains ``text``.</doc>
<status status="FAIL" start="2024-08-19T13:34:34.066861" elapsed="0.673992">Page should have contained text 'คุณกรอก E-mail ไม่ถูกต้อง' but did not.</status>
</kw>
<kw name="Capture Page Screenshot" owner="SeleniumLibrary">
<arg>invalid_email.png</arg>
<doc>Takes a screenshot of the current page and embeds it into a log file.</doc>
<status status="NOT RUN" start="2024-08-19T13:34:34.741856" elapsed="0.000000"/>
</kw>
<kw name="Close Browser" owner="SeleniumLibrary">
<doc>Closes the current browser.</doc>
<status status="NOT RUN" start="2024-08-19T13:34:34.742862" elapsed="0.000000"/>
</kw>
<doc>ทดสอบการเข้าสู่ระบบด้วย E-mail หรือ Username ที่ผิด</doc>
<tag>login</tag>
<tag>negative</tag>
<status status="FAIL" start="2024-08-19T13:34:24.802249" elapsed="9.942152">Page should have contained text 'คุณกรอก E-mail ไม่ถูกต้อง' but did not.</status>
</test>
<test id="s1-s1-t3" name="TC 10003 ทดสอบการเข้าสู่ระบบเมื่อกรอก Password ผิด" line="39">
<kw name="Open Browser" owner="SeleniumLibrary">
<msg time="2024-08-19T13:34:34.749422" level="INFO">Opening browser 'chrome' to base url 'https://dicedreams-eta.vercel.app/sign-in#loaded'.</msg>
<arg>${URL}</arg>
<arg>chrome</arg>
<doc>Opens a new browser instance to the optional ``url``.</doc>
<status status="PASS" start="2024-08-19T13:34:34.749422" elapsed="1.670886"/>
</kw>
<kw name="Maximize Browser Window" owner="SeleniumLibrary">
<doc>Maximizes current browser window.</doc>
<status status="PASS" start="2024-08-19T13:34:36.421976" elapsed="1.996335"/>
</kw>
<kw name="Input Text" owner="SeleniumLibrary">
<msg time="2024-08-19T13:34:38.421312" level="INFO">Typing text 'Worapakorn2@gmail.com' into text field 'id=identifier'.</msg>
<arg>id=identifier</arg>
<arg>Worapakorn2@gmail.com</arg>
<doc>Types the given ``text`` into the text field identified by ``locator``.</doc>
<status status="PASS" start="2024-08-19T13:34:38.420320" elapsed="0.681310"/>
</kw>
<kw name="Input Text" owner="SeleniumLibrary">
<msg time="2024-08-19T13:34:39.103150" level="INFO">Typing text 'wrongpassword' into text field 'id=password'.</msg>
<arg>id=password</arg>
<arg>wrongpassword</arg>
<doc>Types the given ``text`` into the text field identified by ``locator``.</doc>
<status status="PASS" start="2024-08-19T13:34:39.103150" elapsed="0.326601"/>
</kw>
<kw name="Wait Until Element Is Visible" owner="SeleniumLibrary">
<arg>xpath=//button[@type="submit"]</arg>
<arg>1s</arg>
<doc>Waits until the element ``locator`` is visible.</doc>
<status status="PASS" start="2024-08-19T13:34:39.429751" elapsed="0.044234"/>
</kw>
<kw name="Click Button" owner="SeleniumLibrary">
<msg time="2024-08-19T13:34:39.474983" level="INFO">Clicking button 'xpath=//button[@type="submit"]'.</msg>
<arg>xpath=//button[@type="submit"]</arg>
<doc>Clicks the button identified by ``locator``.</doc>
<status status="PASS" start="2024-08-19T13:34:39.473985" elapsed="0.122736"/>
</kw>
<kw name="Page Should Contain" owner="SeleniumLibrary">
<msg time="2024-08-19T13:34:39.937009" level="INFO" html="true">&lt;/td&gt;&lt;/tr&gt;&lt;tr&gt;&lt;td colspan="3"&gt;&lt;a href="selenium-screenshot-2.png"&gt;&lt;img src="selenium-screenshot-2.png" width="800px"&gt;&lt;/a&gt;</msg>
<msg time="2024-08-19T13:34:39.937009" level="FAIL">Page should have contained text 'คุณกรอก Password ผิด กรุณากรอก Password ให้ถูกต้อง' but did not.</msg>
<arg>คุณกรอก Password ผิด กรุณากรอก Password ให้ถูกต้อง</arg>
<doc>Verifies that current page contains ``text``.</doc>
<status status="FAIL" start="2024-08-19T13:34:39.597950" elapsed="0.340057">Page should have contained text 'คุณกรอก Password ผิด กรุณากรอก Password ให้ถูกต้อง' but did not.</status>
</kw>
<kw name="Capture Page Screenshot" owner="SeleniumLibrary">
<arg>invalid_password.png</arg>
<doc>Takes a screenshot of the current page and embeds it into a log file.</doc>
<status status="NOT RUN" start="2024-08-19T13:34:39.939006" elapsed="0.000000"/>
</kw>
<kw name="Close Browser" owner="SeleniumLibrary">
<doc>Closes the current browser.</doc>
<status status="NOT RUN" start="2024-08-19T13:34:39.940024" elapsed="0.000000"/>
</kw>
<doc>ทดสอบการเข้าสู่ระบบด้วย Password ที่ผิด</doc>
<tag>login</tag>
<tag>negative</tag>
<status status="FAIL" start="2024-08-19T13:34:34.745423" elapsed="5.194601">Page should have contained text 'คุณกรอก Password ผิด กรุณากรอก Password ให้ถูกต้อง' but did not.</status>
</test>
<test id="s1-s1-t4" name="TC 10004 ทดสอบการเข้าสู่ระบบโดยไม่กรอกข้อมูล" line="52">
<kw name="Open Browser" owner="SeleniumLibrary">
<msg time="2024-08-19T13:34:39.945681" level="INFO">Opening browser 'chrome' to base url 'https://dicedreams-eta.vercel.app/sign-in#loaded'.</msg>
<arg>${URL}</arg>
<arg>chrome</arg>
<doc>Opens a new browser instance to the optional ``url``.</doc>
<status status="PASS" start="2024-08-19T13:34:39.945681" elapsed="1.661650"/>
</kw>
<kw name="Maximize Browser Window" owner="SeleniumLibrary">
<doc>Maximizes current browser window.</doc>
<status status="PASS" start="2024-08-19T13:34:41.608331" elapsed="4.350406"/>
</kw>
<kw name="Wait Until Element Is Visible" owner="SeleniumLibrary">
<arg>xpath=//button[@type="submit"]</arg>
<arg>1s</arg>
<doc>Waits until the element ``locator`` is visible.</doc>
<status status="PASS" start="2024-08-19T13:34:45.959726" elapsed="0.145727"/>
</kw>
<kw name="Click Button" owner="SeleniumLibrary">
<msg time="2024-08-19T13:34:46.107396" level="INFO">Clicking button 'xpath=//button[@type="submit"]'.</msg>
<arg>xpath=//button[@type="submit"]</arg>
<doc>Clicks the button identified by ``locator``.</doc>
<status status="PASS" start="2024-08-19T13:34:46.106831" elapsed="0.314423"/>
</kw>
<kw name="Click Button" owner="SeleniumLibrary">
<msg time="2024-08-19T13:34:46.422249" level="INFO">Clicking button 'xpath=//button[@type="submit"]'.</msg>
<arg>xpath=//button[@type="submit"]</arg>
<doc>Clicks the button identified by ``locator``.</doc>
<status status="PASS" start="2024-08-19T13:34:46.421254" elapsed="0.157485"/>
</kw>
<kw name="Page Should Contain" owner="SeleniumLibrary">
<msg time="2024-08-19T13:34:46.601813" level="INFO">Current page contains text 'กรุณากรอกอีเมลหรือชื่อผู้ใช้'.</msg>
<arg>กรุณากรอกอีเมลหรือชื่อผู้ใช้</arg>
<doc>Verifies that current page contains ``text``.</doc>
<status status="PASS" start="2024-08-19T13:34:46.579745" elapsed="0.022068"/>
</kw>
<kw name="Page Should Contain" owner="SeleniumLibrary">
<msg time="2024-08-19T13:34:46.622968" level="INFO">Current page contains text 'กรุณากรอกรหัสผ่าน'.</msg>
<arg>กรุณากรอกรหัสผ่าน</arg>
<doc>Verifies that current page contains ``text``.</doc>
<status status="PASS" start="2024-08-19T13:34:46.601813" elapsed="0.021155"/>
</kw>
<kw name="Capture Page Screenshot" owner="SeleniumLibrary">
<msg time="2024-08-19T13:34:46.830701" level="INFO" html="true">&lt;/td&gt;&lt;/tr&gt;&lt;tr&gt;&lt;td colspan="3"&gt;&lt;a href="empty_fields.png"&gt;&lt;img src="empty_fields.png" width="800px"&gt;&lt;/a&gt;</msg>
<arg>empty_fields.png</arg>
<doc>Takes a screenshot of the current page and embeds it into a log file.</doc>
<status status="PASS" start="2024-08-19T13:34:46.623993" elapsed="0.206708"/>
</kw>
<kw name="Close Browser" owner="SeleniumLibrary">
<doc>Closes the current browser.</doc>
<status status="PASS" start="2024-08-19T13:34:46.831702" elapsed="2.210047"/>
</kw>
<doc>ทดสอบการเข้าสู่ระบบโดยไม่กรอกข้อมูล</doc>
<tag>login</tag>
<tag>negative</tag>
<status status="PASS" start="2024-08-19T13:34:39.942004" elapsed="9.102330"/>
</test>
<test id="s1-s1-t5" name="TC 10005 ทดสอบการเข้าสู่ระบบเมื่อกรอก Username ผิด" line="65">
<kw name="Open Browser" owner="SeleniumLibrary">
<msg time="2024-08-19T13:34:49.052329" level="INFO">Opening browser 'chrome' to base url 'https://dicedreams-eta.vercel.app/sign-in#loaded'.</msg>
<arg>${URL}</arg>
<arg>chrome</arg>
<doc>Opens a new browser instance to the optional ``url``.</doc>
<status status="PASS" start="2024-08-19T13:34:49.052329" elapsed="2.731128"/>
</kw>
<kw name="Maximize Browser Window" owner="SeleniumLibrary">
<doc>Maximizes current browser window.</doc>
<status status="PASS" start="2024-08-19T13:34:51.784391" elapsed="0.062110"/>
</kw>
<kw name="Input Text" owner="SeleniumLibrary">
<msg time="2024-08-19T13:34:51.849499" level="INFO">Typing text 'wrongusername' into text field 'id=identifier'.</msg>
<arg>id=identifier</arg>
<arg>wrongusername</arg>
<doc>Types the given ``text`` into the text field identified by ``locator``.</doc>
<status status="PASS" start="2024-08-19T13:34:51.848495" elapsed="0.433607"/>
</kw>
<kw name="Input Text" owner="SeleniumLibrary">
<msg time="2024-08-19T13:34:52.283612" level="INFO">Typing text 'wrongpassword' into text field 'id=password'.</msg>
<arg>id=password</arg>
<arg>wrongpassword</arg>
<doc>Types the given ``text`` into the text field identified by ``locator``.</doc>
<status status="PASS" start="2024-08-19T13:34:52.283612" elapsed="0.316249"/>
</kw>
<kw name="Wait Until Element Is Visible" owner="SeleniumLibrary">
<arg>xpath=//button[@type="submit"]</arg>
<arg>1s</arg>
<doc>Waits until the element ``locator`` is visible.</doc>
<status status="PASS" start="2024-08-19T13:34:52.600856" elapsed="0.038142"/>
</kw>
<kw name="Click Button" owner="SeleniumLibrary">
<msg time="2024-08-19T13:34:52.640003" level="INFO">Clicking button 'xpath=//button[@type="submit"]'.</msg>
<arg>xpath=//button[@type="submit"]</arg>
<doc>Clicks the button identified by ``locator``.</doc>
<status status="PASS" start="2024-08-19T13:34:52.640003" elapsed="0.132931"/>
</kw>
<kw name="Page Should Contain" owner="SeleniumLibrary">
<msg time="2024-08-19T13:34:53.077414" level="INFO" html="true">&lt;/td&gt;&lt;/tr&gt;&lt;tr&gt;&lt;td colspan="3"&gt;&lt;a href="selenium-screenshot-3.png"&gt;&lt;img src="selenium-screenshot-3.png" width="800px"&gt;&lt;/a&gt;</msg>
<msg time="2024-08-19T13:34:53.077414" level="FAIL">Page should have contained text 'คุณกรอก Username ไม่ถูกต้อง' but did not.</msg>
<arg>คุณกรอก Username ไม่ถูกต้อง</arg>
<doc>Verifies that current page contains ``text``.</doc>
<status status="FAIL" start="2024-08-19T13:34:52.774024" elapsed="0.305377">Page should have contained text 'คุณกรอก Username ไม่ถูกต้อง' but did not.</status>
</kw>
<kw name="Capture Page Screenshot" owner="SeleniumLibrary">
<arg>invalid_username.png</arg>
<doc>Takes a screenshot of the current page and embeds it into a log file.</doc>
<status status="NOT RUN" start="2024-08-19T13:34:53.080403" elapsed="0.000000"/>
</kw>
<kw name="Close Browser" owner="SeleniumLibrary">
<doc>Closes the current browser.</doc>
<status status="NOT RUN" start="2024-08-19T13:34:53.081403" elapsed="0.000000"/>
</kw>
<doc>ทดสอบการเข้าสู่ระบบด้วย Username ที่ผิด</doc>
<tag>login</tag>
<tag>negative</tag>
<status status="FAIL" start="2024-08-19T13:34:49.046304" elapsed="4.036096">Page should have contained text 'คุณกรอก Username ไม่ถูกต้อง' but did not.</status>
</test>
<doc>Test cases for user login functionality.</doc>
<status status="FAIL" start="2024-08-19T13:34:13.834336" elapsed="39.250172"/>
</suite>
<suite id="s1-s2" name="Registration Test Time" source="D:\University Work\Year 4, Term 1\Advanced Software Testing (Naruephon)\RobotFramework_MidtermExam\registration_test_time.robot">
<test id="s1-s2-t1" name="TC 20001 ทดสอบการสมัครสมาชิกด้วยข้อมูลที่ถูกต้อง" line="20">
<kw name="Get Current Date" owner="DateTime">
<msg time="2024-08-19T13:34:53.104580" level="INFO">${current_datetime} = 20240819133453</msg>
<var>${current_datetime}</var>
<arg>result_format=%Y%m%d%H%M%S</arg>
<doc>Returns current local or UTC time with an optional increment.</doc>
<status status="PASS" start="2024-08-19T13:34:53.103565" elapsed="0.001015"/>
</kw>
<kw name="Set Variable" owner="BuiltIn">
<msg time="2024-08-19T13:34:53.105580" level="INFO">${username} = worapakorn20240819133453</msg>
<var>${username}</var>
<arg>worapakorn${current_datetime}</arg>
<doc>Returns the given values which can then be assigned to a variables.</doc>
<status status="PASS" start="2024-08-19T13:34:53.104580" elapsed="0.001000"/>
</kw>
<kw name="Set Variable" owner="BuiltIn">
<msg time="2024-08-19T13:34:53.106580" level="INFO">${email} = worapakorn20240819133453@gmail.com</msg>
<var>${email}</var>
<arg>worapakorn${current_datetime}@gmail.com</arg>
<doc>Returns the given values which can then be assigned to a variables.</doc>
<status status="PASS" start="2024-08-19T13:34:53.106580" elapsed="0.000000"/>
</kw>
<kw name="Open Browser" owner="SeleniumLibrary">
<msg time="2024-08-19T13:34:53.107579" level="INFO">Opening browser 'chrome' to base url 'https://dicedreams-eta.vercel.app/sign-up'.</msg>
<arg>${URL}</arg>
<arg>chrome</arg>
<doc>Opens a new browser instance to the optional ``url``.</doc>
<status status="PASS" start="2024-08-19T13:34:53.107579" elapsed="2.226298"/>
</kw>
<kw name="Maximize Browser Window" owner="SeleniumLibrary">
<doc>Maximizes current browser window.</doc>
<status status="PASS" start="2024-08-19T13:34:55.334892" elapsed="0.059901"/>
</kw>
<kw name="Input Text" owner="SeleniumLibrary">
<msg time="2024-08-19T13:34:55.396823" level="INFO">Typing text 'วรปกร' into text field 'id=firstName'.</msg>
<arg>id=firstName</arg>
<arg>วรปกร</arg>
<doc>Types the given ``text`` into the text field identified by ``locator``.</doc>
<status status="PASS" start="2024-08-19T13:34:55.395813" elapsed="0.968696"/>
</kw>
<kw name="Input Text" owner="SeleniumLibrary">
<msg time="2024-08-19T13:34:56.371080" level="INFO">Typing text 'จารุศิริพจน์' into text field 'id=lastName'.</msg>
<arg>id=lastName</arg>
<arg>จารุศิริพจน์</arg>
<doc>Types the given ``text`` into the text field identified by ``locator``.</doc>
<status status="PASS" start="2024-08-19T13:34:56.370526" elapsed="0.658941"/>
</kw>
<kw name="Input Text" owner="SeleniumLibrary">
<msg time="2024-08-19T13:34:57.031461" level="INFO">Typing text 'worapakorn20240819133453' into text field 'id=username'.</msg>
<arg>id=username</arg>
<arg>${username}</arg>
<doc>Types the given ``text`` into the text field identified by ``locator``.</doc>
<status status="PASS" start="2024-08-19T13:34:57.030465" elapsed="0.564959"/>
</kw>
<kw name="Input Text" owner="SeleniumLibrary">
<msg time="2024-08-19T13:34:57.596420" level="INFO">Typing text '0623844415' into text field 'id=phoneNumber'.</msg>
<arg>id=phoneNumber</arg>
<arg>0623844415</arg>
<doc>Types the given ``text`` into the text field identified by ``locator``.</doc>
<status status="PASS" start="2024-08-19T13:34:57.596420" elapsed="0.321051"/>
</kw>
<kw name="Input Text" owner="SeleniumLibrary">
<msg time="2024-08-19T13:34:57.918468" level="INFO">Typing text 'worapakorn20240819133453@gmail.com' into text field 'id=email'.</msg>
<arg>id=email</arg>
<arg>${email}</arg>
<doc>Types the given ``text`` into the text field identified by ``locator``.</doc>
<status status="PASS" start="2024-08-19T13:34:57.917471" elapsed="0.829424"/>
</kw>
<kw name="Input Text" owner="SeleniumLibrary">
<msg time="2024-08-19T13:34:58.748417" level="INFO">Typing text 'Password-123' into text field 'id=password'.</msg>
<arg>id=password</arg>
<arg>Password-123</arg>
<doc>Types the given ``text`` into the text field identified by ``locator``.</doc>
<status status="PASS" start="2024-08-19T13:34:58.747891" elapsed="0.337812"/>
</kw>
<kw name="Click Element" owner="SeleniumLibrary">
<msg time="2024-08-19T13:34:59.086708" level="INFO">Clicking element 'css=input[placeholder="MM/DD/YYYY"]'.</msg>
<arg>css=input[placeholder="MM/DD/YYYY"]</arg>
<doc>Click the element identified by ``locator``.</doc>
<status status="PASS" start="2024-08-19T13:34:59.086708" elapsed="0.147908"/>
</kw>
<kw name="Press Keys" owner="SeleniumLibrary">
<msg time="2024-08-19T13:34:59.235610" level="INFO">Sending key(s) ('01/01/1990',) to css=input[placeholder="MM/DD/YYYY"] element.</msg>
<msg time="2024-08-19T13:34:59.555818" level="INFO">Sending keys 01/01/1990</msg>
<arg>css=input[placeholder="MM/DD/YYYY"]</arg>
<arg>01/01/1990</arg>
<doc>Simulates the user pressing key(s) to an element or on the active browser.</doc>
<status status="PASS" start="2024-08-19T13:34:59.234616" elapsed="0.569720"/>
</kw>
<kw name="Sleep" owner="BuiltIn">
<msg time="2024-08-19T13:35:01.805826" level="INFO">Slept 2 seconds.</msg>
<arg>2s</arg>
<doc>Pauses the test executed for the given time.</doc>
<status status="PASS" start="2024-08-19T13:34:59.804336" elapsed="2.001490"/>
</kw>
<kw name="Click Element" owner="SeleniumLibrary">
<msg time="2024-08-19T13:35:01.807417" level="INFO">Clicking element 'css=input[type='radio'][value='ชาย']'.</msg>
<arg>css=input[type='radio'][value='ชาย']</arg>
<doc>Click the element identified by ``locator``.</doc>
<status status="PASS" start="2024-08-19T13:35:01.806366" elapsed="0.187557"/>
</kw>
<kw name="Click Button" owner="SeleniumLibrary">
<msg time="2024-08-19T13:35:01.994945" level="INFO">Clicking button 'css=button[type="submit"]'.</msg>
<arg>css=button[type="submit"]</arg>
<doc>Clicks the button identified by ``locator``.</doc>
<status status="PASS" start="2024-08-19T13:35:01.993923" elapsed="0.127841"/>
</kw>
<kw name="Page Should Contain" owner="SeleniumLibrary">
<msg time="2024-08-19T13:35:02.355911" level="INFO" html="true">&lt;/td&gt;&lt;/tr&gt;&lt;tr&gt;&lt;td colspan="3"&gt;&lt;a href="selenium-screenshot-4.png"&gt;&lt;img src="selenium-screenshot-4.png" width="800px"&gt;&lt;/a&gt;</msg>
<msg time="2024-08-19T13:35:02.355911" level="FAIL">Page should have contained text 'สมัครสมาชิกสำเร็จ!' but did not.</msg>
<arg>สมัครสมาชิกสำเร็จ!</arg>
<doc>Verifies that current page contains ``text``.</doc>
<status status="FAIL" start="2024-08-19T13:35:02.121764" elapsed="0.235157">Page should have contained text 'สมัครสมาชิกสำเร็จ!' but did not.</status>
</kw>
<kw name="Close Browser" owner="SeleniumLibrary">
<doc>Closes the current browser.</doc>
<status status="NOT RUN" start="2024-08-19T13:35:02.357898" elapsed="0.000000"/>
</kw>
<doc>ทดสอบการสมัครสมาชิกด้วยข้อมูลที่ถูกต้อง</doc>
<tag>positive</tag>
<tag>registration</tag>
<status status="FAIL" start="2024-08-19T13:34:53.100046" elapsed="9.258852">Page should have contained text 'สมัครสมาชิกสำเร็จ!' but did not.</status>
</test>
<test id="s1-s2-t2" name="TC 20002 ทดสอบการสมัครสมาชิกโดยไม่กรอกข้อมูล" line="42">
<kw name="Open Browser" owner="SeleniumLibrary">
<msg time="2024-08-19T13:35:02.364472" level="INFO">Opening browser 'chrome' to base url 'https://dicedreams-eta.vercel.app/sign-up'.</msg>
<arg>${URL}</arg>
<arg>chrome</arg>
<doc>Opens a new browser instance to the optional ``url``.</doc>
<status status="PASS" start="2024-08-19T13:35:02.364472" elapsed="7.163151"/>
</kw>
<kw name="Maximize Browser Window" owner="SeleniumLibrary">
<doc>Maximizes current browser window.</doc>
<status status="PASS" start="2024-08-19T13:35:09.528631" elapsed="0.088364"/>
</kw>
<kw name="Click Button" owner="SeleniumLibrary">
<msg time="2024-08-19T13:35:09.618000" level="INFO">Clicking button 'css=button[type="submit"]'.</msg>
<arg>css=button[type="submit"]</arg>
<doc>Clicks the button identified by ``locator``.</doc>
<status status="PASS" start="2024-08-19T13:35:09.616995" elapsed="0.419743"/>
</kw>
<kw name="Page Should Contain" owner="SeleniumLibrary">
<msg time="2024-08-19T13:35:10.065368" level="INFO">Current page contains text 'กรุณากรอกชื่อจริง'.</msg>
<arg>กรุณากรอกชื่อจริง</arg>
<doc>Verifies that current page contains ``text``.</doc>
<status status="PASS" start="2024-08-19T13:35:10.037741" elapsed="0.027627"/>
</kw>
<kw name="Page Should Contain" owner="SeleniumLibrary">
<msg time="2024-08-19T13:35:10.089460" level="INFO">Current page contains text 'กรุณากรอกนามสกุล'.</msg>
<arg>กรุณากรอกนามสกุล</arg>
<doc>Verifies that current page contains ``text``.</doc>
<status status="PASS" start="2024-08-19T13:35:10.066367" elapsed="0.023093"/>
</kw>
<kw name="Page Should Contain" owner="SeleniumLibrary">
<msg time="2024-08-19T13:35:10.121044" level="INFO">Current page contains text 'กรุณากรอกชื่อผู้ใช้'.</msg>
<arg>กรุณากรอกชื่อผู้ใช้</arg>
<doc>Verifies that current page contains ``text``.</doc>
<status status="PASS" start="2024-08-19T13:35:10.089460" elapsed="0.031584"/>
</kw>
<kw name="Page Should Contain" owner="SeleniumLibrary">
<msg time="2024-08-19T13:35:10.150699" level="INFO">Current page contains text 'กรุณากรอกหมายเลขโทรศัพท์'.</msg>
<arg>กรุณากรอกหมายเลขโทรศัพท์</arg>
<doc>Verifies that current page contains ``text``.</doc>
<status status="PASS" start="2024-08-19T13:35:10.122050" elapsed="0.028649"/>
</kw>
<kw name="Page Should Contain" owner="SeleniumLibrary">
<msg time="2024-08-19T13:35:10.174636" level="INFO">Current page contains text 'กรุณากรอกอีเมล'.</msg>
<arg>กรุณากรอกอีเมล</arg>
<doc>Verifies that current page contains ``text``.</doc>
<status status="PASS" start="2024-08-19T13:35:10.151703" elapsed="0.022933"/>
</kw>
<kw name="Page Should Contain" owner="SeleniumLibrary">
<msg time="2024-08-19T13:35:10.204947" level="INFO">Current page contains text 'กรุณากรอกรหัสผ่าน'.</msg>
<arg>กรุณากรอกรหัสผ่าน</arg>
<doc>Verifies that current page contains ``text``.</doc>
<status status="PASS" start="2024-08-19T13:35:10.175654" elapsed="0.029293"/>
</kw>
<kw name="Page Should Contain" owner="SeleniumLibrary">
<msg time="2024-08-19T13:35:10.230644" level="INFO">Current page contains text 'กรุณาเลือกวันเกิด'.</msg>
<arg>กรุณาเลือกวันเกิด</arg>
<doc>Verifies that current page contains ``text``.</doc>
<status status="PASS" start="2024-08-19T13:35:10.205976" elapsed="0.024668"/>
</kw>
<kw name="Page Should Contain" owner="SeleniumLibrary">
<msg time="2024-08-19T13:35:10.254744" level="INFO">Current page contains text 'กรุณาเลือกเพศ'.</msg>
<arg>กรุณาเลือกเพศ</arg>
<doc>Verifies that current page contains ``text``.</doc>
<status status="PASS" start="2024-08-19T13:35:10.231647" elapsed="0.023097"/>
</kw>
<kw name="Close Browser" owner="SeleniumLibrary">
<doc>Closes the current browser.</doc>
<status status="PASS" start="2024-08-19T13:35:10.255324" elapsed="2.233375"/>
</kw>
<doc>ทดสอบการสมัครสมาชิกโดยไม่กรอกข้อมูล</doc>
<tag>negative</tag>
<tag>registration</tag>
<status status="PASS" start="2024-08-19T13:35:02.360892" elapsed="10.128779"/>
</test>
<test id="s1-s2-t3" name="TC 20003 ทดสอบการสมัครสมาชิกด้วยอีเมลที่ไม่ถูกต้อง" line="58">
<kw name="Get Current Date" owner="DateTime">
<msg time="2024-08-19T13:35:12.499876" level="INFO">${current_datetime} = 20240819133512</msg>
<var>${current_datetime}</var>
<arg>result_format=%Y%m%d%H%M%S</arg>
<doc>Returns current local or UTC time with an optional increment.</doc>
<status status="PASS" start="2024-08-19T13:35:12.498903" elapsed="0.000973"/>
</kw>
<kw name="Set Variable" owner="BuiltIn">
<msg time="2024-08-19T13:35:12.501868" level="INFO">${username} = worapakorn20240819133512</msg>
<var>${username}</var>
<arg>worapakorn${current_datetime}</arg>
<doc>Returns the given values which can then be assigned to a variables.</doc>
<status status="PASS" start="2024-08-19T13:35:12.500868" elapsed="0.001000"/>
</kw>
<kw name="Set Variable" owner="BuiltIn">
<msg time="2024-08-19T13:35:12.504396" level="INFO">${email} = worapakorn.invalid.com</msg>
<var>${email}</var>
<arg>worapakorn.invalid.com</arg>
<doc>Returns the given values which can then be assigned to a variables.</doc>
<status status="PASS" start="2024-08-19T13:35:12.502870" elapsed="0.001526"/>
</kw>
<kw name="Open Browser" owner="SeleniumLibrary">
<msg time="2024-08-19T13:35:12.506458" level="INFO">Opening browser 'chrome' to base url 'https://dicedreams-eta.vercel.app/sign-up'.</msg>
<arg>${URL}</arg>
<arg>chrome</arg>
<doc>Opens a new browser instance to the optional ``url``.</doc>
<status status="PASS" start="2024-08-19T13:35:12.505433" elapsed="2.496822"/>
</kw>
<kw name="Maximize Browser Window" owner="SeleniumLibrary">
<doc>Maximizes current browser window.</doc>
<status status="PASS" start="2024-08-19T13:35:15.002255" elapsed="0.059734"/>
</kw>
<kw name="Input Text" owner="SeleniumLibrary">
<msg time="2024-08-19T13:35:15.063993" level="INFO">Typing text 'วรปกร' into text field 'id=firstName'.</msg>
<arg>id=firstName</arg>
<arg>วรปกร</arg>
<doc>Types the given ``text`` into the text field identified by ``locator``.</doc>
<status status="PASS" start="2024-08-19T13:35:15.062987" elapsed="0.556075"/>
</kw>
<kw name="Input Text" owner="SeleniumLibrary">
<msg time="2024-08-19T13:35:15.621072" level="INFO">Typing text 'จารุศิริพจน์' into text field 'id=lastName'.</msg>
<arg>id=lastName</arg>
<arg>จารุศิริพจน์</arg>
<doc>Types the given ``text`` into the text field identified by ``locator``.</doc>
<status status="PASS" start="2024-08-19T13:35:15.620060" elapsed="0.616095"/>
</kw>
<kw name="Input Text" owner="SeleniumLibrary">
<msg time="2024-08-19T13:35:16.237159" level="INFO">Typing text 'worapakorn20240819133512' into text field 'id=username'.</msg>
<arg>id=username</arg>
<arg>${username}</arg>
<doc>Types the given ``text`` into the text field identified by ``locator``.</doc>
<status status="PASS" start="2024-08-19T13:35:16.236155" elapsed="0.686184"/>
</kw>
<kw name="Input Text" owner="SeleniumLibrary">
<msg time="2024-08-19T13:35:16.924868" level="INFO">Typing text '0623844415' into text field 'id=phoneNumber'.</msg>
<arg>id=phoneNumber</arg>
<arg>0623844415</arg>
<doc>Types the given ``text`` into the text field identified by ``locator``.</doc>
<status status="PASS" start="2024-08-19T13:35:16.923856" elapsed="0.348711"/>
</kw>
<kw name="Input Text" owner="SeleniumLibrary">
<msg time="2024-08-19T13:35:17.272567" level="INFO">Typing text 'worapakorn.invalid.com' into text field 'id=email'.</msg>
<arg>id=email</arg>
<arg>${email}</arg>
<doc>Types the given ``text`` into the text field identified by ``locator``.</doc>
<status status="PASS" start="2024-08-19T13:35:17.272567" elapsed="0.496202"/>
</kw>
<kw name="Input Text" owner="SeleniumLibrary">
<msg time="2024-08-19T13:35:17.769761" level="INFO">Typing text 'Password-123' into text field 'id=password'.</msg>
<arg>id=password</arg>
<arg>Password-123</arg>
<doc>Types the given ``text`` into the text field identified by ``locator``.</doc>
<status status="PASS" start="2024-08-19T13:35:17.768769" elapsed="0.445185"/>
</kw>
<kw name="Click Element" owner="SeleniumLibrary">
<msg time="2024-08-19T13:35:18.214916" level="INFO">Clicking element 'css=input[placeholder="MM/DD/YYYY"]'.</msg>
<arg>css=input[placeholder="MM/DD/YYYY"]</arg>
<doc>Click the element identified by ``locator``.</doc>
<status status="PASS" start="2024-08-19T13:35:18.213954" elapsed="0.133329"/>
</kw>
<kw name="Press Keys" owner="SeleniumLibrary">
<msg time="2024-08-19T13:35:18.348277" level="INFO">Sending key(s) ('01/01/1990',) to css=input[placeholder="MM/DD/YYYY"] element.</msg>
<msg time="2024-08-19T13:35:18.665854" level="INFO">Sending keys 01/01/1990</msg>
<arg>css=input[placeholder="MM/DD/YYYY"]</arg>
<arg>01/01/1990</arg>
<doc>Simulates the user pressing key(s) to an element or on the active browser.</doc>
<status status="PASS" start="2024-08-19T13:35:18.347283" elapsed="0.796520"/>
</kw>
<kw name="Sleep" owner="BuiltIn">
<msg time="2024-08-19T13:35:21.144757" level="INFO">Slept 2 seconds.</msg>
<arg>2s</arg>
<doc>Pauses the test executed for the given time.</doc>
<status status="PASS" start="2024-08-19T13:35:19.144400" elapsed="2.000357"/>
</kw>
<kw name="Click Element" owner="SeleniumLibrary">
<msg time="2024-08-19T13:35:21.146809" level="INFO">Clicking element 'css=input[type='radio'][value='ชาย']'.</msg>
<arg>css=input[type='radio'][value='ชาย']</arg>
<doc>Click the element identified by ``locator``.</doc>
<status status="PASS" start="2024-08-19T13:35:21.145775" elapsed="0.249135"/>
</kw>
<kw name="Click Button" owner="SeleniumLibrary">
<msg time="2024-08-19T13:35:21.412495" level="INFO">Clicking button 'css=button[type="submit"]'.</msg>
<arg>css=button[type="submit"]</arg>
<doc>Clicks the button identified by ``locator``.</doc>
<status status="PASS" start="2024-08-19T13:35:21.411492" elapsed="0.250268"/>
</kw>
<kw name="Page Should Contain" owner="SeleniumLibrary">
<msg time="2024-08-19T13:35:21.948778" level="INFO" html="true">&lt;/td&gt;&lt;/tr&gt;&lt;tr&gt;&lt;td colspan="3"&gt;&lt;a href="selenium-screenshot-5.png"&gt;&lt;img src="selenium-screenshot-5.png" width="800px"&gt;&lt;/a&gt;</msg>
<msg time="2024-08-19T13:35:21.949780" level="FAIL">Page should have contained text 'กรุณากรอกอีเมลให้ถูกต้อง' but did not.</msg>
<arg>กรุณากรอกอีเมลให้ถูกต้อง</arg>
<doc>Verifies that current page contains ``text``.</doc>
<status status="FAIL" start="2024-08-19T13:35:21.661760" elapsed="0.288020">Page should have contained text 'กรุณากรอกอีเมลให้ถูกต้อง' but did not.</status>
</kw>
<kw name="Close Browser" owner="SeleniumLibrary">
<doc>Closes the current browser.</doc>
<status status="NOT RUN" start="2024-08-19T13:35:21.950802" elapsed="0.000000"/>
</kw>
<doc>ทดสอบการสมัครสมาชิกด้วยอีเมลที่ไม่ถูกต้อง</doc>
<tag>negative</tag>
<tag>registration</tag>
<status status="FAIL" start="2024-08-19T13:35:12.492663" elapsed="9.459118">Page should have contained text 'กรุณากรอกอีเมลให้ถูกต้อง' but did not.</status>
</test>
<test id="s1-s2-t4" name="TC 20004 ทดสอบการสมัครสมาชิกด้วย E-mail หรือ Username ซ้ำกับในฐานข้อมูล" line="80">
<kw name="Open Browser" owner="SeleniumLibrary">
<msg time="2024-08-19T13:35:21.958377" level="INFO">Opening browser 'chrome' to base url 'https://dicedreams-eta.vercel.app/sign-up'.</msg>
<arg>${URL}</arg>
<arg>chrome</arg>
<doc>Opens a new browser instance to the optional ``url``.</doc>
<status status="PASS" start="2024-08-19T13:35:21.957370" elapsed="1.927884"/>
</kw>
<kw name="Maximize Browser Window" owner="SeleniumLibrary">
<doc>Maximizes current browser window.</doc>
<status status="PASS" start="2024-08-19T13:35:23.897847" elapsed="5.498654"/>
</kw>
<kw name="Input Text" owner="SeleniumLibrary">
<msg time="2024-08-19T13:35:29.398500" level="INFO">Typing text 'วรปกร' into text field 'id=firstName'.</msg>
<arg>id=firstName</arg>
<arg>วรปกร</arg>
<doc>Types the given ``text`` into the text field identified by ``locator``.</doc>
<status status="PASS" start="2024-08-19T13:35:29.398500" elapsed="0.503606"/>
</kw>
<kw name="Input Text" owner="SeleniumLibrary">
<msg time="2024-08-19T13:35:29.903132" level="INFO">Typing text 'จารุศิริพจน์' into text field 'id=lastName'.</msg>
<arg>id=lastName</arg>
<arg>จารุศิริพจน์</arg>
<doc>Types the given ``text`` into the text field identified by ``locator``.</doc>
<status status="PASS" start="2024-08-19T13:35:29.903132" elapsed="0.575358"/>
</kw>
<kw name="Input Text" owner="SeleniumLibrary">
<msg time="2024-08-19T13:35:30.479494" level="INFO">Typing text 'worapakorn20' into text field 'id=username'.</msg>
<arg>id=username</arg>
<arg>worapakorn20</arg>
<doc>Types the given ``text`` into the text field identified by ``locator``.</doc>
<status status="PASS" start="2024-08-19T13:35:30.479494" elapsed="0.374638"/>
</kw>
<kw name="Input Text" owner="SeleniumLibrary">
<msg time="2024-08-19T13:35:30.855202" level="INFO">Typing text '0623844415' into text field 'id=phoneNumber'.</msg>
<arg>id=phoneNumber</arg>
<arg>0623844415</arg>
<doc>Types the given ``text`` into the text field identified by ``locator``.</doc>
<status status="PASS" start="2024-08-19T13:35:30.855202" elapsed="0.309783"/>
</kw>
<kw name="Input Text" owner="SeleniumLibrary">
<msg time="2024-08-19T13:35:31.166001" level="INFO">Typing text 'worapakorn20@gmail.com' into text field 'id=email'.</msg>
<arg>id=email</arg>
<arg>worapakorn20@gmail.com</arg>
<doc>Types the given ``text`` into the text field identified by ``locator``.</doc>
<status status="PASS" start="2024-08-19T13:35:31.166001" elapsed="0.634347"/>
</kw>
<kw name="Input Text" owner="SeleniumLibrary">
<msg time="2024-08-19T13:35:31.801343" level="INFO">Typing text 'Password-123' into text field 'id=password'.</msg>
<arg>id=password</arg>
<arg>Password-123</arg>
<doc>Types the given ``text`` into the text field identified by ``locator``.</doc>
<status status="PASS" start="2024-08-19T13:35:31.801343" elapsed="0.334185"/>
</kw>
<kw name="Click Element" owner="SeleniumLibrary">
<msg time="2024-08-19T13:35:32.137553" level="INFO">Clicking element 'css=input[placeholder="MM/DD/YYYY"]'.</msg>
<arg>css=input[placeholder="MM/DD/YYYY"]</arg>
<doc>Click the element identified by ``locator``.</doc>
<status status="PASS" start="2024-08-19T13:35:32.136533" elapsed="0.124074"/>
</kw>
<kw name="Press Keys" owner="SeleniumLibrary">
<msg time="2024-08-19T13:35:32.262607" level="INFO">Sending key(s) ('01/01/2000',) to css=input[placeholder="MM/DD/YYYY"] element.</msg>
<msg time="2024-08-19T13:35:32.612605" level="INFO">Sending keys 01/01/2000</msg>
<arg>css=input[placeholder="MM/DD/YYYY"]</arg>
<arg>01/01/2000</arg>
<doc>Simulates the user pressing key(s) to an element or on the active browser.</doc>
<status status="PASS" start="2024-08-19T13:35:32.261609" elapsed="0.485782"/>
</kw>
<kw name="Sleep" owner="BuiltIn">
<msg time="2024-08-19T13:35:34.748713" level="INFO">Slept 2 seconds.</msg>
<arg>2s</arg>
<doc>Pauses the test executed for the given time.</doc>
<status status="PASS" start="2024-08-19T13:35:32.748396" elapsed="2.000317"/>
</kw>
<kw name="Click Element" owner="SeleniumLibrary">
<msg time="2024-08-19T13:35:34.749731" level="INFO">Clicking element 'css=input[type='radio'][value='ชาย']'.</msg>
<arg>css=input[type='radio'][value='ชาย']</arg>
<doc>Click the element identified by ``locator``.</doc>
<status status="PASS" start="2024-08-19T13:35:34.749731" elapsed="0.189593"/>
</kw>
<kw name="Click Button" owner="SeleniumLibrary">
<msg time="2024-08-19T13:35:34.941316" level="INFO">Clicking button 'css=button[type="submit"]'.</msg>
<arg>css=button[type="submit"]</arg>
<doc>Clicks the button identified by ``locator``.</doc>
<status status="PASS" start="2024-08-19T13:35:34.940321" elapsed="0.176341"/>
</kw>
<kw name="Page Should Contain" owner="SeleniumLibrary">
<msg time="2024-08-19T13:35:35.141258" level="INFO">Current page contains text 'Username นี้มีคนใช้แล้ว'.</msg>
<arg>Username นี้มีคนใช้แล้ว</arg>
<doc>Verifies that current page contains ``text``.</doc>
<status status="PASS" start="2024-08-19T13:35:35.117662" elapsed="0.023596"/>
</kw>
<kw name="Page Should Contain" owner="SeleniumLibrary">
<msg time="2024-08-19T13:35:35.349721" level="INFO" html="true">&lt;/td&gt;&lt;/tr&gt;&lt;tr&gt;&lt;td colspan="3"&gt;&lt;a href="selenium-screenshot-6.png"&gt;&lt;img src="selenium-screenshot-6.png" width="800px"&gt;&lt;/a&gt;</msg>
<msg time="2024-08-19T13:35:35.349721" level="FAIL">Page should have contained text 'Email นี้มีคนใช้แล้ว' but did not.</msg>
<arg>Email นี้มีคนใช้แล้ว</arg>
<doc>Verifies that current page contains ``text``.</doc>
<status status="FAIL" start="2024-08-19T13:35:35.142251" elapsed="0.208461">Page should have contained text 'Email นี้มีคนใช้แล้ว' but did not.</status>
</kw>
<kw name="Close Browser" owner="SeleniumLibrary">
<doc>Closes the current browser.</doc>
<status status="NOT RUN" start="2024-08-19T13:35:35.350712" elapsed="0.000000"/>
</kw>
<doc>ทดสอบการสมัครสมาชิกด้วย E-mail หรือ Username ซ้ำกับในฐานข้อมูล</doc>
<tag>negative</tag>
<tag>registration</tag>
<status status="FAIL" start="2024-08-19T13:35:21.953807" elapsed="13.397912">Page should have contained text 'Email นี้มีคนใช้แล้ว' but did not.</status>
</test>
<test id="s1-s2-t5" name="TC 20005 ตรวจสอบการสมัครสมาชิกด้วย Username ซ้ำ" line="100">
<kw name="Open Browser" owner="SeleniumLibrary">
<msg time="2024-08-19T13:35:35.356285" level="INFO">Opening browser 'chrome' to base url 'https://dicedreams-eta.vercel.app/sign-up'.</msg>
<arg>${URL}</arg>
<arg>chrome</arg>
<doc>Opens a new browser instance to the optional ``url``.</doc>
<status status="PASS" start="2024-08-19T13:35:35.356285" elapsed="7.117474"/>
</kw>
<kw name="Maximize Browser Window" owner="SeleniumLibrary">
<doc>Maximizes current browser window.</doc>
<status status="PASS" start="2024-08-19T13:35:42.474757" elapsed="0.093430"/>
</kw>
<kw name="Input Text" owner="SeleniumLibrary">
<msg time="2024-08-19T13:35:42.569190" level="INFO">Typing text 'วรปกร' into text field 'id=firstName'.</msg>
<arg>id=firstName</arg>
<arg>วรปกร</arg>
<doc>Types the given ``text`` into the text field identified by ``locator``.</doc>
<status status="PASS" start="2024-08-19T13:35:42.569190" elapsed="0.495738"/>
</kw>
<kw name="Input Text" owner="SeleniumLibrary">
<msg time="2024-08-19T13:35:43.065941" level="INFO">Typing text 'จารุศิริพจน์' into text field 'id=lastName'.</msg>
<arg>id=lastName</arg>
<arg>จารุศิริพจน์</arg>
<doc>Types the given ``text`` into the text field identified by ``locator``.</doc>
<status status="PASS" start="2024-08-19T13:35:43.065941" elapsed="0.521337"/>
</kw>
<kw name="Input Text" owner="SeleniumLibrary">
<msg time="2024-08-19T13:35:43.588296" level="INFO">Typing text 'worapakorn20' into text field 'id=username'.</msg>
<arg>id=username</arg>
<arg>worapakorn20</arg>
<doc>Types the given ``text`` into the text field identified by ``locator``.</doc>
<status status="PASS" start="2024-08-19T13:35:43.588296" elapsed="0.352266"/>
</kw>
<kw name="Input Text" owner="SeleniumLibrary">
<msg time="2024-08-19T13:35:43.941555" level="INFO">Typing text '0623844415' into text field 'id=phoneNumber'.</msg>
<arg>id=phoneNumber</arg>
<arg>0623844415</arg>
<doc>Types the given ``text`` into the text field identified by ``locator``.</doc>
<status status="PASS" start="2024-08-19T13:35:43.941555" elapsed="0.440482"/>
</kw>
<kw name="Input Text" owner="SeleniumLibrary">
<msg time="2024-08-19T13:35:44.385702" level="INFO">Typing text 'worapakorn@example.com' into text field 'id=email'.</msg>
<arg>id=email</arg>
<arg>worapakorn@example.com</arg>
<doc>Types the given ``text`` into the text field identified by ``locator``.</doc>
<status status="PASS" start="2024-08-19T13:35:44.384737" elapsed="0.676483"/>
</kw>
<kw name="Input Text" owner="SeleniumLibrary">
<msg time="2024-08-19T13:35:45.062217" level="INFO">Typing text 'Password-123' into text field 'id=password'.</msg>
<arg>id=password</arg>
<arg>Password-123</arg>
<doc>Types the given ``text`` into the text field identified by ``locator``.</doc>
<status status="PASS" start="2024-08-19T13:35:45.061220" elapsed="0.420963"/>
</kw>
<kw name="Click Element" owner="SeleniumLibrary">
<msg time="2024-08-19T13:35:45.483183" level="INFO">Clicking element 'css=input[placeholder="MM/DD/YYYY"]'.</msg>
<arg>css=input[placeholder="MM/DD/YYYY"]</arg>
<doc>Click the element identified by ``locator``.</doc>
<status status="PASS" start="2024-08-19T13:35:45.483183" elapsed="0.132955"/>
</kw>
<kw name="Press Keys" owner="SeleniumLibrary">
<msg time="2024-08-19T13:35:45.618155" level="INFO">Sending key(s) ('01/01/2000',) to css=input[placeholder="MM/DD/YYYY"] element.</msg>
<msg time="2024-08-19T13:35:45.924495" level="INFO">Sending keys 01/01/2000</msg>
<arg>css=input[placeholder="MM/DD/YYYY"]</arg>
<arg>01/01/2000</arg>
<doc>Simulates the user pressing key(s) to an element or on the active browser.</doc>
<status status="PASS" start="2024-08-19T13:35:45.617157" elapsed="0.578620"/>
</kw>
<kw name="Sleep" owner="BuiltIn">
<msg time="2024-08-19T13:35:48.197351" level="INFO">Slept 2 seconds.</msg>
<arg>2s</arg>
<doc>Pauses the test executed for the given time.</doc>
<status status="PASS" start="2024-08-19T13:35:46.195777" elapsed="2.001574"/>
</kw>
<kw name="Click Element" owner="SeleniumLibrary">
<msg time="2024-08-19T13:35:48.198287" level="INFO">Clicking element 'css=input[type='radio'][value='ชาย']'.</msg>
<arg>css=input[type='radio'][value='ชาย']</arg>
<doc>Click the element identified by ``locator``.</doc>
<status status="PASS" start="2024-08-19T13:35:48.197351" elapsed="0.118582"/>
</kw>
<kw name="Click Button" owner="SeleniumLibrary">
<msg time="2024-08-19T13:35:48.316934" level="INFO">Clicking button 'css=button[type="submit"]'.</msg>
<arg>css=button[type="submit"]</arg>
<doc>Clicks the button identified by ``locator``.</doc>
<status status="PASS" start="2024-08-19T13:35:48.316934" elapsed="0.112781"/>
</kw>
<kw name="Page Should Contain" owner="SeleniumLibrary">
<msg time="2024-08-19T13:35:48.469902" level="INFO">Current page contains text 'Username นี้มีคนใช้แล้ว'.</msg>
<arg>Username นี้มีคนใช้แล้ว</arg>
<doc>Verifies that current page contains ``text``.</doc>
<status status="PASS" start="2024-08-19T13:35:48.430714" elapsed="0.039188"/>
</kw>
<kw name="Close Browser" owner="SeleniumLibrary">
<doc>Closes the current browser.</doc>
<status status="PASS" start="2024-08-19T13:35:48.469902" elapsed="2.259765"/>
</kw>
<doc>ตรวจสอบการสมัครสมาชิกด้วย Username ซ้ำ</doc>
<tag>negative</tag>
<tag>registration</tag>
<status status="PASS" start="2024-08-19T13:35:35.352713" elapsed="15.378936"/>
</test>
<test id="s1-s2-t6" name="TC 20006 ตรวจสอบการสมัครสมาชิกด้วย Password ที่ไม่ถูกต้อง" line="119">
<kw name="Get Current Date" owner="DateTime">
<msg time="2024-08-19T13:35:50.740258" level="INFO">${current_datetime} = 20240819133550</msg>
<var>${current_datetime}</var>
<arg>result_format=%Y%m%d%H%M%S</arg>
<doc>Returns current local or UTC time with an optional increment.</doc>
<status status="PASS" start="2024-08-19T13:35:50.739215" elapsed="0.001043"/>
</kw>
<kw name="Set Variable" owner="BuiltIn">
<msg time="2024-08-19T13:35:50.741219" level="INFO">${username} = worapakorn20240819133550</msg>
<var>${username}</var>
<arg>worapakorn${current_datetime}</arg>
<doc>Returns the given values which can then be assigned to a variables.</doc>
<status status="PASS" start="2024-08-19T13:35:50.741219" elapsed="0.000000"/>
</kw>
<kw name="Set Variable" owner="BuiltIn">
<msg time="2024-08-19T13:35:50.742261" level="INFO">${email} = worapakorn20240819133550@gmail.com</msg>
<var>${email}</var>
<arg>worapakorn${current_datetime}@gmail.com</arg>
<doc>Returns the given values which can then be assigned to a variables.</doc>
<status status="PASS" start="2024-08-19T13:35:50.742261" elapsed="0.000991"/>
</kw>
<kw name="Open Browser" owner="SeleniumLibrary">
<msg time="2024-08-19T13:35:50.743252" level="INFO">Opening browser 'chrome' to base url 'https://dicedreams-eta.vercel.app/sign-up'.</msg>
<arg>${URL}</arg>
<arg>chrome</arg>
<doc>Opens a new browser instance to the optional ``url``.</doc>
<status status="PASS" start="2024-08-19T13:35:50.743252" elapsed="3.917343"/>
</kw>
<kw name="Maximize Browser Window" owner="SeleniumLibrary">
<doc>Maximizes current browser window.</doc>
<status status="PASS" start="2024-08-19T13:35:54.662598" elapsed="0.090485"/>
</kw>
<kw name="Input Text" owner="SeleniumLibrary">
<msg time="2024-08-19T13:35:54.756642" level="INFO">Typing text 'วรปกร' into text field 'id=firstName'.</msg>
<arg>id=firstName</arg>
<arg>วรปกร</arg>
<doc>Types the given ``text`` into the text field identified by ``locator``.</doc>
<status status="PASS" start="2024-08-19T13:35:54.755617" elapsed="0.610873"/>
</kw>
<kw name="Input Text" owner="SeleniumLibrary">
<msg time="2024-08-19T13:35:55.368508" level="INFO">Typing text 'จารุศิริพจน์' into text field 'id=lastName'.</msg>
<arg>id=lastName</arg>
<arg>จารุศิริพจน์</arg>
<doc>Types the given ``text`` into the text field identified by ``locator``.</doc>
<status status="PASS" start="2024-08-19T13:35:55.367510" elapsed="0.612893"/>
</kw>
<kw name="Input Text" owner="SeleniumLibrary">
<msg time="2024-08-19T13:35:55.982398" level="INFO">Typing text 'worapakorn20240819133550' into text field 'id=username'.</msg>
<arg>id=username</arg>
<arg>${username}</arg>
<doc>Types the given ``text`` into the text field identified by ``locator``.</doc>
<status status="PASS" start="2024-08-19T13:35:55.981398" elapsed="0.686086"/>
</kw>
<kw name="Input Text" owner="SeleniumLibrary">
<msg time="2024-08-19T13:35:56.668630" level="INFO">Typing text '0623844415' into text field 'id=phoneNumber'.</msg>
<arg>id=phoneNumber</arg>
<arg>0623844415</arg>
<doc>Types the given ``text`` into the text field identified by ``locator``.</doc>
<status status="PASS" start="2024-08-19T13:35:56.668630" elapsed="0.324546"/>
</kw>
<kw name="Input Text" owner="SeleniumLibrary">
<msg time="2024-08-19T13:35:56.994691" level="INFO">Typing text 'worapakorn20240819133550@gmail.com' into text field 'id=email'.</msg>
<arg>id=email</arg>
<arg>${email}</arg>
<doc>Types the given ``text`` into the text field identified by ``locator``.</doc>
<status status="PASS" start="2024-08-19T13:35:56.994691" elapsed="0.706184"/>
</kw>
<kw name="Input Text" owner="SeleniumLibrary">
<msg time="2024-08-19T13:35:57.701870" level="INFO">Typing text 'pass' into text field 'id=password'.</msg>
<arg>id=password</arg>
<arg>pass</arg>
<doc>Types the given ``text`` into the text field identified by ``locator``.</doc>
<status status="PASS" start="2024-08-19T13:35:57.701870" elapsed="0.232155"/>
</kw>
<kw name="Click Element" owner="SeleniumLibrary">
<msg time="2024-08-19T13:35:57.935021" level="INFO">Clicking element 'css=input[placeholder="MM/DD/YYYY"]'.</msg>
<arg>css=input[placeholder="MM/DD/YYYY"]</arg>
<doc>Click the element identified by ``locator``.</doc>
<status status="PASS" start="2024-08-19T13:35:57.934025" elapsed="0.152049"/>
</kw>
<kw name="Press Keys" owner="SeleniumLibrary">
<msg time="2024-08-19T13:35:58.087087" level="INFO">Sending key(s) ('01/01/2000',) to css=input[placeholder="MM/DD/YYYY"] element.</msg>
<msg time="2024-08-19T13:35:58.439014" level="INFO">Sending keys 01/01/2000</msg>
<arg>css=input[placeholder="MM/DD/YYYY"]</arg>
<arg>01/01/2000</arg>
<doc>Simulates the user pressing key(s) to an element or on the active browser.</doc>
<status status="PASS" start="2024-08-19T13:35:58.087087" elapsed="0.567667"/>
</kw>
<kw name="Sleep" owner="BuiltIn">
<msg time="2024-08-19T13:36:00.657111" level="INFO">Slept 2 seconds.</msg>
<arg>2s</arg>
<doc>Pauses the test executed for the given time.</doc>
<status status="PASS" start="2024-08-19T13:35:58.655271" elapsed="2.001840"/>
</kw>
<kw name="Click Element" owner="SeleniumLibrary">
<msg time="2024-08-19T13:36:00.659012" level="INFO">Clicking element 'css=input[type='radio'][value='ชาย']'.</msg>
<arg>css=input[type='radio'][value='ชาย']</arg>
<doc>Click the element identified by ``locator``.</doc>
<status status="PASS" start="2024-08-19T13:36:00.657989" elapsed="0.187174"/>
</kw>
<kw name="Click Button" owner="SeleniumLibrary">
<msg time="2024-08-19T13:36:00.846427" level="INFO">Clicking button 'css=button[type="submit"]'.</msg>
<arg>css=button[type="submit"]</arg>
<doc>Clicks the button identified by ``locator``.</doc>
<status status="PASS" start="2024-08-19T13:36:00.846427" elapsed="0.131221"/>
</kw>
<kw name="Should Contain Either Text">
<kw name="Run Keyword And Return Status" owner="BuiltIn">
<kw name="Page Should Contain" owner="SeleniumLibrary">
<msg time="2024-08-19T13:36:01.225287" level="INFO" html="true">&lt;/td&gt;&lt;/tr&gt;&lt;tr&gt;&lt;td colspan="3"&gt;&lt;a href="selenium-screenshot-7.png"&gt;&lt;img src="selenium-screenshot-7.png" width="800px"&gt;&lt;/a&gt;</msg>
<msg time="2024-08-19T13:36:01.225814" level="FAIL">Page should have contained text 'รหัสผ่านต้องมีอย่างน้อย 8 ตัวอักษร' but did not.</msg>
<arg>${text1}</arg>
<doc>Verifies that current page contains ``text``.</doc>
<status status="FAIL" start="2024-08-19T13:36:00.979653" elapsed="0.247185">Page should have contained text 'รหัสผ่านต้องมีอย่างน้อย 8 ตัวอักษร' but did not.</status>
</kw>
<msg time="2024-08-19T13:36:01.226838" level="INFO">${status1} = False</msg>
<var>${status1}</var>
<arg>Page Should Contain</arg>
<arg>${text1}</arg>
<doc>Runs the given keyword with given arguments and returns the status as a Boolean value.</doc>
<status status="PASS" start="2024-08-19T13:36:00.979653" elapsed="0.247185"/>
</kw>
<kw name="Run Keyword And Return Status" owner="BuiltIn">
<kw name="Page Should Contain" owner="SeleniumLibrary">
<msg time="2024-08-19T13:36:01.670904" level="INFO" html="true">&lt;/td&gt;&lt;/tr&gt;&lt;tr&gt;&lt;td colspan="3"&gt;&lt;a href="selenium-screenshot-8.png"&gt;&lt;img src="selenium-screenshot-8.png" width="800px"&gt;&lt;/a&gt;</msg>
<msg time="2024-08-19T13:36:01.670904" level="FAIL">Page should have contained text 'รหัสผ่านต้องมีอักษรพิมพ์ใหญ่' but did not.</msg>
<arg>${text2}</arg>
<doc>Verifies that current page contains ``text``.</doc>
<status status="FAIL" start="2024-08-19T13:36:01.227860" elapsed="0.444050">Page should have contained text 'รหัสผ่านต้องมีอักษรพิมพ์ใหญ่' but did not.</status>
</kw>
<msg time="2024-08-19T13:36:01.672907" level="INFO">${status2} = False</msg>
<var>${status2}</var>
<arg>Page Should Contain</arg>
<arg>${text2}</arg>
<doc>Runs the given keyword with given arguments and returns the status as a Boolean value.</doc>
<status status="PASS" start="2024-08-19T13:36:01.227860" elapsed="0.445047"/>
</kw>
<kw name="Run Keyword And Return Status" owner="BuiltIn">
<kw name="Page Should Contain" owner="SeleniumLibrary">
<msg time="2024-08-19T13:36:01.879275" level="INFO" html="true">&lt;/td&gt;&lt;/tr&gt;&lt;tr&gt;&lt;td colspan="3"&gt;&lt;a href="selenium-screenshot-9.png"&gt;&lt;img src="selenium-screenshot-9.png" width="800px"&gt;&lt;/a&gt;</msg>
<msg time="2024-08-19T13:36:01.879275" level="FAIL">Page should have contained text 'รหัสผ่านต้องมีตัวเลข' but did not.</msg>
<arg>${text3}</arg>
<doc>Verifies that current page contains ``text``.</doc>
<status status="FAIL" start="2024-08-19T13:36:01.672907" elapsed="0.207374">Page should have contained text 'รหัสผ่านต้องมีตัวเลข' but did not.</status>
</kw>
<msg time="2024-08-19T13:36:01.880281" level="INFO">${status3} = False</msg>
<var>${status3}</var>
<arg>Page Should Contain</arg>
<arg>${text3}</arg>
<doc>Runs the given keyword with given arguments and returns the status as a Boolean value.</doc>
<status status="PASS" start="2024-08-19T13:36:01.672907" elapsed="0.207374"/>
</kw>
<kw name="Run Keyword And Return Status" owner="BuiltIn">
<kw name="Page Should Contain" owner="SeleniumLibrary">
<msg time="2024-08-19T13:36:02.053583" level="INFO" html="true">&lt;/td&gt;&lt;/tr&gt;&lt;tr&gt;&lt;td colspan="3"&gt;&lt;a href="selenium-screenshot-10.png"&gt;&lt;img src="selenium-screenshot-10.png" width="800px"&gt;&lt;/a&gt;</msg>
<msg time="2024-08-19T13:36:02.053583" level="FAIL">Page should have contained text 'รหัสผ่านต้องมีสัญลักษณ์พิเศษ' but did not.</msg>
<arg>${text4}</arg>
<doc>Verifies that current page contains ``text``.</doc>
<status status="FAIL" start="2024-08-19T13:36:01.881294" elapsed="0.173880">Page should have contained text 'รหัสผ่านต้องมีสัญลักษณ์พิเศษ' but did not.</status>
</kw>
<msg time="2024-08-19T13:36:02.056130" level="INFO">${status4} = False</msg>
<var>${status4}</var>
<arg>Page Should Contain</arg>
<arg>${text4}</arg>
<doc>Runs the given keyword with given arguments and returns the status as a Boolean value.</doc>
<status status="PASS" start="2024-08-19T13:36:01.881294" elapsed="0.174836"/>
</kw>
<kw name="Run Keyword If" owner="BuiltIn">
<arg>'${status1}' == 'True' or '${status2}' == 'True' or '${status3}' == 'True' or '${status4}' == 'True'</arg>
<arg>Pass Execution</arg>
<arg>Text Found</arg>
<doc>Runs the given keyword with the given arguments, if ``condition`` is true.</doc>
<status status="PASS" start="2024-08-19T13:36:02.056130" elapsed="0.001025"/>
</kw>
<kw name="Fail" owner="BuiltIn">
<msg time="2024-08-19T13:36:02.058156" level="FAIL">None of the texts were found</msg>
<arg>None of the texts were found</arg>
<doc>Fails the test with the given message and optionally alters its tags.</doc>
<status status="FAIL" start="2024-08-19T13:36:02.058156" elapsed="0.000994">None of the texts were found</status>
</kw>
<arg>รหัสผ่านต้องมีอย่างน้อย 8 ตัวอักษร</arg>
<arg>รหัสผ่านต้องมีอักษรพิมพ์ใหญ่</arg>
<arg>รหัสผ่านต้องมีตัวเลข</arg>
<arg>รหัสผ่านต้องมีสัญลักษณ์พิเศษ</arg>
<status status="FAIL" start="2024-08-19T13:36:00.978683" elapsed="1.080467">None of the texts were found</status>
</kw>
<kw name="Close Browser" owner="SeleniumLibrary">
<doc>Closes the current browser.</doc>
<status status="NOT RUN" start="2024-08-19T13:36:02.061152" elapsed="0.000000"/>
</kw>
<doc>ตรวจสอบการสมัครสมาชิกด้วย Password ที่ไม่ถูกต้อง</doc>
<tag>negative</tag>
<tag>registration</tag>
<status status="FAIL" start="2024-08-19T13:35:50.733653" elapsed="11.328499">None of the texts were found</status>
</test>
<test id="s1-s2-t7" name="TC 20007 ตรวจสอบการสมัครสมาชิกด้วย Phone Number ที่ไม่ถูกต้อง" line="141">
<kw name="Get Current Date" owner="DateTime">
<msg time="2024-08-19T13:36:02.071412" level="INFO">${current_datetime} = 20240819133602</msg>
<var>${current_datetime}</var>
<arg>result_format=%Y%m%d%H%M%S</arg>
<doc>Returns current local or UTC time with an optional increment.</doc>
<status status="PASS" start="2024-08-19T13:36:02.071412" elapsed="0.000000"/>
</kw>
<kw name="Set Variable" owner="BuiltIn">
<msg time="2024-08-19T13:36:02.073415" level="INFO">${username} = worapakorn20240819133602</msg>
<var>${username}</var>
<arg>worapakorn${current_datetime}</arg>
<doc>Returns the given values which can then be assigned to a variables.</doc>
<status status="PASS" start="2024-08-19T13:36:02.072416" elapsed="0.000999"/>
</kw>
<kw name="Open Browser" owner="SeleniumLibrary">
<msg time="2024-08-19T13:36:02.073415" level="INFO">Opening browser 'chrome' to base url 'https://dicedreams-eta.vercel.app/sign-up'.</msg>
<arg>${URL}</arg>
<arg>chrome</arg>
<doc>Opens a new browser instance to the optional ``url``.</doc>
<status status="PASS" start="2024-08-19T13:36:02.073415" elapsed="3.430747"/>
</kw>
<kw name="Maximize Browser Window" owner="SeleniumLibrary">
<doc>Maximizes current browser window.</doc>
<status status="PASS" start="2024-08-19T13:36:05.505142" elapsed="0.127821"/>
</kw>
<kw name="Input Text" owner="SeleniumLibrary">
<msg time="2024-08-19T13:36:05.634959" level="INFO">Typing text 'วรปกร' into text field 'id=firstName'.</msg>
<arg>id=firstName</arg>
<arg>วรปกร</arg>
<doc>Types the given ``text`` into the text field identified by ``locator``.</doc>
<status status="PASS" start="2024-08-19T13:36:05.633957" elapsed="0.462154"/>
</kw>
<kw name="Input Text" owner="SeleniumLibrary">
<msg time="2024-08-19T13:36:06.097129" level="INFO">Typing text 'จารุศิริพจน์' into text field 'id=lastName'.</msg>
<arg>id=lastName</arg>
<arg>จารุศิริพจน์</arg>
<doc>Types the given ``text`` into the text field identified by ``locator``.</doc>
<status status="PASS" start="2024-08-19T13:36:06.096111" elapsed="0.687708"/>
</kw>
<kw name="Input Text" owner="SeleniumLibrary">
<msg time="2024-08-19T13:36:06.785429" level="INFO">Typing text 'worapakorn20240819133602' into text field 'id=username'.</msg>
<arg>id=username</arg>
<arg>${username}</arg>
<doc>Types the given ``text`` into the text field identified by ``locator``.</doc>
<status status="PASS" start="2024-08-19T13:36:06.785429" elapsed="0.584902"/>
</kw>
<kw name="Input Text" owner="SeleniumLibrary">
<msg time="2024-08-19T13:36:07.371323" level="INFO">Typing text 'abcdefgh' into text field 'id=phoneNumber'.</msg>
<arg>id=phoneNumber</arg>
<arg>abcdefgh</arg>
<doc>Types the given ``text`` into the text field identified by ``locator``.</doc>
<status status="PASS" start="2024-08-19T13:36:07.371323" elapsed="0.312116"/>
</kw>
<kw name="Input Text" owner="SeleniumLibrary">
<msg time="2024-08-19T13:36:07.684435" level="INFO">Typing text 'worapakorn@example.com' into text field 'id=email'.</msg>
<arg>id=email</arg>
<arg>worapakorn@example.com</arg>
<doc>Types the given ``text`` into the text field identified by ``locator``.</doc>
<status status="PASS" start="2024-08-19T13:36:07.683439" elapsed="0.526462"/>
</kw>
<kw name="Input Text" owner="SeleniumLibrary">
<msg time="2024-08-19T13:36:08.210905" level="INFO">Typing text 'Password-123' into text field 'id=password'.</msg>
<arg>id=password</arg>
<arg>Password-123</arg>
<doc>Types the given ``text`` into the text field identified by ``locator``.</doc>
<status status="PASS" start="2024-08-19T13:36:08.210905" elapsed="0.364562"/>
</kw>
<kw name="Click Element" owner="SeleniumLibrary">
<msg time="2024-08-19T13:36:08.576411" level="INFO">Clicking element 'css=input[placeholder="MM/DD/YYYY"]'.</msg>
<arg>css=input[placeholder="MM/DD/YYYY"]</arg>
<doc>Click the element identified by ``locator``.</doc>
<status status="PASS" start="2024-08-19T13:36:08.576411" elapsed="0.131472"/>
</kw>
<kw name="Press Keys" owner="SeleniumLibrary">
<msg time="2024-08-19T13:36:08.708878" level="INFO">Sending key(s) ('01/01/2000',) to css=input[placeholder="MM/DD/YYYY"] element.</msg>
<msg time="2024-08-19T13:36:09.050765" level="INFO">Sending keys 01/01/2000</msg>
<arg>css=input[placeholder="MM/DD/YYYY"]</arg>
<arg>01/01/2000</arg>
<doc>Simulates the user pressing key(s) to an element or on the active browser.</doc>
<status status="PASS" start="2024-08-19T13:36:08.708878" elapsed="0.542062"/>
</kw>
<kw name="Sleep" owner="BuiltIn">
<msg time="2024-08-19T13:36:11.252335" level="INFO">Slept 2 seconds.</msg>
<arg>2s</arg>
<doc>Pauses the test executed for the given time.</doc>
<status status="PASS" start="2024-08-19T13:36:09.251937" elapsed="2.000398"/>
</kw>
<kw name="Click Element" owner="SeleniumLibrary">
<msg time="2024-08-19T13:36:11.253873" level="INFO">Clicking element 'css=input[type='radio'][value='ชาย']'.</msg>
<arg>css=input[type='radio'][value='ชาย']</arg>
<doc>Click the element identified by ``locator``.</doc>
<status status="PASS" start="2024-08-19T13:36:11.252855" elapsed="0.218644"/>
</kw>
<kw name="Click Button" owner="SeleniumLibrary">
<msg time="2024-08-19T13:36:11.483065" level="INFO">Clicking button 'css=button[type="submit"]'.</msg>
<arg>css=button[type="submit"]</arg>
<doc>Clicks the button identified by ``locator``.</doc>
<status status="PASS" start="2024-08-19T13:36:11.482059" elapsed="0.298453"/>
</kw>
<kw name="Page Should Contain" owner="SeleniumLibrary">
<msg time="2024-08-19T13:36:11.989208" level="INFO" html="true">&lt;/td&gt;&lt;/tr&gt;&lt;tr&gt;&lt;td colspan="3"&gt;&lt;a href="selenium-screenshot-11.png"&gt;&lt;img src="selenium-screenshot-11.png" width="800px"&gt;&lt;/a&gt;</msg>
<msg time="2024-08-19T13:36:11.989208" level="FAIL">Page should have contained text 'เบอร์โทรศัพท์ต้องเป็นหมายเลขเบอร์โทรศัพท์จริงๆเท่านั้น' but did not.</msg>
<arg>เบอร์โทรศัพท์ต้องเป็นหมายเลขเบอร์โทรศัพท์จริงๆเท่านั้น</arg>
<doc>Verifies that current page contains ``text``.</doc>
<status status="FAIL" start="2024-08-19T13:36:11.781505" elapsed="0.209696">Page should have contained text 'เบอร์โทรศัพท์ต้องเป็นหมายเลขเบอร์โทรศัพท์จริงๆเท่านั้น' but did not.</status>
</kw>
<kw name="Close Browser" owner="SeleniumLibrary">
<doc>Closes the current browser.</doc>
<status status="NOT RUN" start="2024-08-19T13:36:11.991201" elapsed="0.000000"/>
</kw>
<doc>ตรวจสอบการสมัครสมาชิกด้วย Phone Number ที่ไม่ถูกต้อง</doc>
<tag>negative</tag>
<tag>registration</tag>
<status status="FAIL" start="2024-08-19T13:36:02.065159" elapsed="9.927038">Page should have contained text 'เบอร์โทรศัพท์ต้องเป็นหมายเลขเบอร์โทรศัพท์จริงๆเท่านั้น' but did not.</status>
</test>
<test id="s1-s2-t8" name="TC 20008 ตรวจสอบการสมัครสมาชิกด้วยวันเกิดที่ไม่ถูกต้อง" line="162">
<kw name="Get Current Date" owner="DateTime">
<msg time="2024-08-19T13:36:11.997395" level="INFO">${current_datetime} = 20240819133611</msg>
<var>${current_datetime}</var>
<arg>result_format=%Y%m%d%H%M%S</arg>
<doc>Returns current local or UTC time with an optional increment.</doc>
<status status="PASS" start="2024-08-19T13:36:11.997395" elapsed="0.000000"/>
</kw>
<kw name="Set Variable" owner="BuiltIn">
<msg time="2024-08-19T13:36:11.998397" level="INFO">${username} = worapakorn20240819133611</msg>
<var>${username}</var>
<arg>worapakorn${current_datetime}</arg>
<doc>Returns the given values which can then be assigned to a variables.</doc>
<status status="PASS" start="2024-08-19T13:36:11.998397" elapsed="0.000000"/>
</kw>
<kw name="Open Browser" owner="SeleniumLibrary">
<msg time="2024-08-19T13:36:11.999398" level="INFO">Opening browser 'chrome' to base url 'https://dicedreams-eta.vercel.app/sign-up'.</msg>
<arg>${URL}</arg>
<arg>chrome</arg>
<doc>Opens a new browser instance to the optional ``url``.</doc>
<status status="PASS" start="2024-08-19T13:36:11.999398" elapsed="31.859587"/>
</kw>
<kw name="Maximize Browser Window" owner="SeleniumLibrary">
<doc>Maximizes current browser window.</doc>
<status status="PASS" start="2024-08-19T13:36:43.859989" elapsed="0.137436"/>
</kw>
<kw name="Input Text" owner="SeleniumLibrary">
<msg time="2024-08-19T13:36:43.998441" level="INFO">Typing text 'วรปกร' into text field 'id=firstName'.</msg>
<arg>id=firstName</arg>
<arg>วรปกร</arg>
<doc>Types the given ``text`` into the text field identified by ``locator``.</doc>
<status status="PASS" start="2024-08-19T13:36:43.998441" elapsed="0.414548"/>
</kw>
<kw name="Input Text" owner="SeleniumLibrary">
<msg time="2024-08-19T13:36:44.413991" level="INFO">Typing text 'จารุศิริพจน์' into text field 'id=lastName'.</msg>
<arg>id=lastName</arg>
<arg>จารุศิริพจน์</arg>
<doc>Types the given ``text`` into the text field identified by ``locator``.</doc>
<status status="PASS" start="2024-08-19T13:36:44.413991" elapsed="0.836350"/>
</kw>
<kw name="Input Text" owner="SeleniumLibrary">
<msg time="2024-08-19T13:36:45.251344" level="INFO">Typing text 'worapakorn20240819133611' into text field 'id=username'.</msg>
<arg>id=username</arg>
<arg>${username}</arg>
<doc>Types the given ``text`` into the text field identified by ``locator``.</doc>
<status status="PASS" start="2024-08-19T13:36:45.251344" elapsed="0.960535"/>
</kw>
<kw name="Input Text" owner="SeleniumLibrary">
<msg time="2024-08-19T13:36:46.229882" level="INFO">Typing text '0623844415' into text field 'id=phoneNumber'.</msg>
<arg>id=phoneNumber</arg>
<arg>0623844415</arg>
<doc>Types the given ``text`` into the text field identified by ``locator``.</doc>
<status status="PASS" start="2024-08-19T13:36:46.228854" elapsed="1.207517"/>
</kw>
<kw name="Input Text" owner="SeleniumLibrary">
<msg time="2024-08-19T13:36:47.438249" level="INFO">Typing text 'worapakorn@example.com' into text field 'id=email'.</msg>
<arg>id=email</arg>
<arg>worapakorn@example.com</arg>
<doc>Types the given ``text`` into the text field identified by ``locator``.</doc>
<status status="PASS" start="2024-08-19T13:36:47.438249" elapsed="0.729922"/>
</kw>
<kw name="Input Text" owner="SeleniumLibrary">
<msg time="2024-08-19T13:36:48.169172" level="INFO">Typing text 'Password-123' into text field 'id=password'.</msg>
<arg>id=password</arg>
<arg>Password-123</arg>
<doc>Types the given ``text`` into the text field identified by ``locator``.</doc>
<status status="PASS" start="2024-08-19T13:36:48.169172" elapsed="0.491056"/>
</kw>
<kw name="Click Element" owner="SeleniumLibrary">
<msg time="2024-08-19T13:36:48.661237" level="INFO">Clicking element 'css=input[placeholder="MM/DD/YYYY"]'.</msg>
<arg>css=input[placeholder="MM/DD/YYYY"]</arg>
<doc>Click the element identified by ``locator``.</doc>
<status status="PASS" start="2024-08-19T13:36:48.661237" elapsed="0.211743"/>
</kw>
<kw name="Press Keys" owner="SeleniumLibrary">
<msg time="2024-08-19T13:36:48.874978" level="INFO">Sending key(s) ('01/01/2022',) to css=input[placeholder="MM/DD/YYYY"] element.</msg>
<msg time="2024-08-19T13:36:49.347536" level="INFO">Sending keys 01/01/2022</msg>
<arg>css=input[placeholder="MM/DD/YYYY"]</arg>
<arg>01/01/2022</arg>
<doc>Simulates the user pressing key(s) to an element or on the active browser.</doc>
<status status="PASS" start="2024-08-19T13:36:48.874978" elapsed="0.650548"/>
</kw>
<kw name="Sleep" owner="BuiltIn">
<msg time="2024-08-19T13:36:51.527228" level="INFO">Slept 2 seconds.</msg>
<arg>2s</arg>
<doc>Pauses the test executed for the given time.</doc>
<status status="PASS" start="2024-08-19T13:36:49.526525" elapsed="2.000703"/>
</kw>
<kw name="Click Element" owner="SeleniumLibrary">
<msg time="2024-08-19T13:36:51.529111" level="INFO">Clicking element 'css=input[type='radio'][value='ชาย']'.</msg>
<arg>css=input[type='radio'][value='ชาย']</arg>
<doc>Click the element identified by ``locator``.</doc>
<status status="PASS" start="2024-08-19T13:36:51.528934" elapsed="0.400118"/>
</kw>
<kw name="Click Button" owner="SeleniumLibrary">
<msg time="2024-08-19T13:36:51.930051" level="INFO">Clicking button 'css=button[type="submit"]'.</msg>
<arg>css=button[type="submit"]</arg>
<doc>Clicks the button identified by ``locator``.</doc>
<status status="PASS" start="2024-08-19T13:36:51.929052" elapsed="0.213721"/>
</kw>
<kw name="Page Should Contain" owner="SeleniumLibrary">
<msg time="2024-08-19T13:36:52.173401" level="INFO">Current page contains text 'วันเกิดต้องไม่ต่ำกว่า 10 ปีจากวันปัจจุบัน'.</msg>
<arg>วันเกิดต้องไม่ต่ำกว่า 10 ปีจากวันปัจจุบัน</arg>
<doc>Verifies that current page contains ``text``.</doc>
<status status="PASS" start="2024-08-19T13:36:52.144765" elapsed="0.028636"/>
</kw>
<kw name="Close Browser" owner="SeleniumLibrary">
<doc>Closes the current browser.</doc>
<status status="PASS" start="2024-08-19T13:36:52.173401" elapsed="3.105093"/>
</kw>
<doc>ตรวจสอบการสมัครสมาชิกด้วยวันเกิดที่ไม่ถูกต้อง</doc>
<tag>negative</tag>
<tag>registration</tag>
<status status="PASS" start="2024-08-19T13:36:11.994201" elapsed="43.285305"/>
</test>
<doc>Test cases for user registration functionality.</doc>
<status status="FAIL" start="2024-08-19T13:34:53.087502" elapsed="122.195995"/>
</suite>
<status status="FAIL" start="2024-08-19T13:34:13.643329" elapsed="161.646729"/>
</suite>
<statistics>
<total>
<stat pass="5" fail="8" skip="0">All Tests</stat>
</total>
<tag>
<stat pass="2" fail="3" skip="0">login</stat>
<stat pass="4" fail="7" skip="0">negative</stat>
<stat pass="1" fail="1" skip="0">positive</stat>
<stat pass="3" fail="5" skip="0">registration</stat>
</tag>
<suite>
<stat pass="5" fail="8" skip="0" id="s1" name="Login Test &amp; Registration Test Time">Login Test &amp; Registration Test Time</stat>
<stat pass="2" fail="3" skip="0" id="s1-s1" name="Login Test">Login Test &amp; Registration Test Time.Login Test</stat>
<stat pass="3" fail="5" skip="0" id="s1-s2" name="Registration Test Time">Login Test &amp; Registration Test Time.Registration Test Time</stat>
</suite>
</statistics>
<errors>
</errors>
</robot>
